<?xml version="1.0" encoding="UTF-8"?>
<coverage generated="1657013294490" clover="3.2.0">
  <project timestamp="1657013294490" name="All files">
    <metrics statements="4" coveredstatements="4" conditionals="2" coveredconditionals="2" methods="3" coveredmethods="3" elements="9" coveredelements="9" complexity="0" loc="4" ncloc="4" packages="1" files="1" classes="1"/>
    <file name="CounterComp.vue" path="/Users/liza/Documents/starter/src/components/CounterComp.vue">
      <metrics statements="4" coveredstatements="4" conditionals="2" coveredconditionals="2" methods="3" coveredmethods="3"/>
      <line num="19" count="1" type="stmt"/>
      <line num="22" count="1" type="stmt"/>
      <line num="26" count="5" type="cond" truecount="2" falsecount="0"/>
      <line num="31" count="1" type="stmt"/>
    </file>
  </project>
</coverage>
