{"/Users/liza/Documents/starter/src/components/CounterComp.vue": {"path":"/Users/liza/Documents/starter/src/components/CounterComp.vue","statementMap":{"0":{"start":{"line":19,"column":15},"end":{"line":19,"column":null}},"1":{"start":{"line":22,"column":4},"end":{"line":22,"column":11}},"2":{"start":{"line":26,"column":6},"end":{"line":26,"column":13}},"3":{"start":{"line":31,"column":6},"end":{"line":31,"column":11}}},"fnMap":{"0":{"name":"(anonymous_0)","decl":{"start":{"line":21,"column":2},"end":{"line":21,"column":6}},"loc":{"start":{"line":21,"column":9},"end":{"line":23,"column":null}}},"1":{"name":"(anonymous_1)","decl":{"start":{"line":25,"column":4},"end":{"line":25,"column":16}},"loc":{"start":{"line":25,"column":19},"end":{"line":27,"column":null}}},"2":{"name":"(anonymous_2)","decl":{"start":{"line":30,"column":4},"end":{"line":30,"column":19}},"loc":{"start":{"line":30,"column":22},"end":{"line":32,"column":null}}}},"branchMap":{"0":{"loc":{"start":{"line":26,"column":13},"end":{"line":26,"column":null}},"type":"cond-expr","locations":[{"start":{"line":26,"column":33},"end":{"line":26,"column":45}},{"start":{"line":26,"column":45},"end":{"line":26,"column":null}}]}},"s":{"0":1,"1":1,"2":5,"3":1},"f":{"0":1,"1":5,"2":1},"b":{"0":[4,1]}}
}
